<?xml version="1.0" encoding="UTF-8"?>
<testsuite xmlns:xsi="http://www.w3.org/2001/XMLSchema-instance" xsi:noNamespaceSchemaLocation="https://maven.apache.org/surefire/maven-surefire-plugin/xsd/surefire-test-report-3.0.xsd" version="3.0" name="com.example.jeasadmin.JeasAdminApplicationTests" time="6.387" tests="1" errors="0" skipped="0" failures="0">
  <properties>
[...]
</properties>
  <testcase name="contextLoads" classname="com.example.jeasadmin.JeasAdminApplicationTests" time="0.525">
    <system-out><![CDATA[21:24:46.135 [main] INFO org.springframework.test.context.support.AnnotationConfigContextLoaderUtils -- Could not detect default configuration classes for test class [com.example.jeasadmin.JeasAdminApplicationTests]: JeasAdminApplicationTests does not declare any static, non-private, non-final, nested classes annotated with @Configuration.
21:24:46.242 [main] INFO org.springframework.boot.test.context.SpringBootTestContextBootstrapper -- Found @SpringBootConfiguration com.example.jeasadmin.JeasAdminApplication for test class com.example.jeasadmin.JeasAdminApplicationTests
21:24:46.450 [main] INFO org.springframework.boot.devtools.restart.RestartApplicationListener -- Restart disabled due to context in which it is running

  .   ____          _            __ _ _
 /\\ / ___'_ __ _ _(_)_ __  __ _ \ \ \ \
( ( )\___ | '_ | '_| | '_ \/ _` | \ \ \ \
 \\/  ___)| |_)| | | | | || (_| |  ) ) ) )
  '  |____| .__|_| |_|_| |_\__, | / / / /
 =========|_|==============|___/=/_/_/_/
 :: Spring Boot ::                (v3.2.5)

2024-05-02T21:24:46.722+03:00  INFO 25036 --- [JeasAdmin] [           main] c.e.jeasadmin.JeasAdminApplicationTests  : Starting JeasAdminApplicationTests using Java 18.0.1.1 with PID 25036 (started by Edrees in C:\Users\Edrees\IdeaProjects\JeasAdmin)
2024-05-02T21:24:46.723+03:00  INFO 25036 --- [JeasAdmin] [           main] c.e.jeasadmin.JeasAdminApplicationTests  : No active profile set, falling back to 1 default profile: "default"
2024-05-02T21:24:47.473+03:00  INFO 25036 --- [JeasAdmin] [           main] .s.d.r.c.RepositoryConfigurationDelegate : Bootstrapping Spring Data JPA repositories in DEFAULT mode.
2024-05-02T21:24:47.538+03:00  INFO 25036 --- [JeasAdmin] [           main] .s.d.r.c.RepositoryConfigurationDelegate : Finished Spring Data repository scanning in 57 ms. Found 1 JPA repository interface.
2024-05-02T21:24:48.199+03:00  INFO 25036 --- [JeasAdmin] [           main] o.hibernate.jpa.internal.util.LogHelper  : HHH000204: Processing PersistenceUnitInfo [name: default]
2024-05-02T21:24:48.283+03:00  INFO 25036 --- [JeasAdmin] [           main] org.hibernate.Version                    : HHH000412: Hibernate ORM core version 6.4.4.Final
2024-05-02T21:24:48.333+03:00  INFO 25036 --- [JeasAdmin] [           main] o.h.c.internal.RegionFactoryInitiator    : HHH000026: Second-level cache disabled
2024-05-02T21:24:48.883+03:00  INFO 25036 --- [JeasAdmin] [           main] o.s.o.j.p.SpringPersistenceUnitInfo      : No LoadTimeWeaver setup: ignoring JPA class transformer
2024-05-02T21:24:48.926+03:00  INFO 25036 --- [JeasAdmin] [           main] com.zaxxer.hikari.HikariDataSource       : HikariPool-1 - Starting...
2024-05-02T21:24:49.323+03:00  INFO 25036 --- [JeasAdmin] [           main] com.zaxxer.hikari.pool.HikariPool        : HikariPool-1 - Added connection com.mysql.cj.jdbc.ConnectionImpl@77ba583
2024-05-02T21:24:49.325+03:00  INFO 25036 --- [JeasAdmin] [           main] com.zaxxer.hikari.HikariDataSource       : HikariPool-1 - Start completed.
2024-05-02T21:24:49.376+03:00  WARN 25036 --- [JeasAdmin] [           main] org.hibernate.orm.deprecation            : HHH90000025: MySQL8Dialect does not need to be specified explicitly using 'hibernate.dialect' (remove the property setting and it will be selected by default)
2024-05-02T21:24:49.377+03:00  WARN 25036 --- [JeasAdmin] [           main] org.hibernate.orm.deprecation            : HHH90000026: MySQL8Dialect has been deprecated; use org.hibernate.dialect.MySQLDialect instead
2024-05-02T21:24:50.439+03:00  INFO 25036 --- [JeasAdmin] [           main] o.h.e.t.j.p.i.JtaPlatformInitiator       : HHH000489: No JTA platform available (set 'hibernate.transaction.jta.platform' to enable JTA platform integration)
2024-05-02T21:24:50.494+03:00  INFO 25036 --- [JeasAdmin] [           main] j.LocalContainerEntityManagerFactoryBean : Initialized JPA EntityManagerFactory for persistence unit 'default'
2024-05-02T21:24:50.884+03:00  WARN 25036 --- [JeasAdmin] [           main] JpaBaseConfiguration$JpaWebConfiguration : spring.jpa.open-in-view is enabled by default. Therefore, database queries may be performed during view rendering. Explicitly configure spring.jpa.open-in-view to disable this warning
2024-05-02T21:24:51.062+03:00  INFO 25036 --- [JeasAdmin] [           main] o.s.b.a.w.s.WelcomePageHandlerMapping    : Adding welcome page template: index
2024-05-02T21:24:51.306+03:00  INFO 25036 --- [JeasAdmin] [           main] o.s.s.web.DefaultSecurityFilterChain     : Will secure any request with [org.springframework.security.web.session.DisableEncodeUrlFilter@341141ab, org.springframework.security.web.context.request.async.WebAsyncManagerIntegrationFilter@1773faf8, org.springframework.security.web.context.SecurityContextHolderFilter@29ebaf2f, org.springframework.security.web.header.HeaderWriterFilter@28d37d43, org.springframework.web.filter.CorsFilter@3ef4a8fb, org.springframework.security.web.csrf.CsrfFilter@6779af40, org.springframework.security.web.authentication.logout.LogoutFilter@78839c2e, org.springframework.security.web.authentication.UsernamePasswordAuthenticationFilter@402fdef1, org.springframework.security.web.authentication.ui.DefaultLoginPageGeneratingFilter@73dc7db0, org.springframework.security.web.authentication.ui.DefaultLogoutPageGeneratingFilter@30f99ca1, org.springframework.security.web.savedrequest.RequestCacheAwareFilter@20a2930f, org.springframework.security.web.servletapi.SecurityContextHolderAwareRequestFilter@609edb55, org.springframework.security.web.authentication.AnonymousAuthenticationFilter@edb8f0c, org.springframework.security.web.access.ExceptionTranslationFilter@1500edf3, org.springframework.security.web.access.intercept.AuthorizationFilter@7e484bd]
2024-05-02T21:24:51.777+03:00  INFO 25036 --- [JeasAdmin] [           main] c.e.jeasadmin.JeasAdminApplicationTests  : Started JeasAdminApplicationTests in 5.338 seconds (process running for 6.43)
]]></system-out>
  </testcase>
</testsuite>