<?xml version="1.0" encoding="UTF-8"?>
<testsuite xmlns:xsi="http://www.w3.org/2001/XMLSchema-instance" xsi:noNamespaceSchemaLocation="https://maven.apache.org/surefire/maven-surefire-plugin/xsd/surefire-test-report-3.0.xsd" version="3.0" name="com.example.jeasadmin.JeasAdminApplicationTests" time="3.334" tests="1" errors="0" skipped="0" failures="0">
  <properties>
[...]
</properties>
  <testcase name="contextLoads" classname="com.example.jeasadmin.JeasAdminApplicationTests" time="0.79">
    <system-out><![CDATA[19:22:53.038 [main] INFO org.springframework.test.context.support.AnnotationConfigContextLoaderUtils -- Could not detect default configuration classes for test class [com.example.jeasadmin.JeasAdminApplicationTests]: JeasAdminApplicationTests does not declare any static, non-private, non-final, nested classes annotated with @Configuration.
19:22:53.144 [main] INFO org.springframework.boot.test.context.SpringBootTestContextBootstrapper -- Found @SpringBootConfiguration com.example.jeasadmin.JeasAdminApplication for test class com.example.jeasadmin.JeasAdminApplicationTests
19:22:53.328 [main] INFO org.springframework.boot.devtools.restart.RestartApplicationListener -- Restart disabled due to context in which it is running

  .   ____          _            __ _ _
 /\\ / ___'_ __ _ _(_)_ __  __ _ \ \ \ \
( ( )\___ | '_ | '_| | '_ \/ _` | \ \ \ \
 \\/  ___)| |_)| | | | | || (_| |  ) ) ) )
  '  |____| .__|_| |_|_| |_\__, | / / / /
 =========|_|==============|___/=/_/_/_/
 :: Spring Boot ::                (v3.2.5)

2024-05-03T19:22:53.584+03:00  INFO 16220 --- [JeasAdmin] [           main] c.e.jeasadmin.JeasAdminApplicationTests  : Starting JeasAdminApplicationTests using Java 18.0.1.1 with PID 16220 (started by Edrees in C:\Users\Edrees\IdeaProjects\JeasAdmin)
2024-05-03T19:22:53.585+03:00  INFO 16220 --- [JeasAdmin] [           main] c.e.jeasadmin.JeasAdminApplicationTests  : No active profile set, falling back to 1 default profile: "default"
2024-05-03T19:22:54.534+03:00  INFO 16220 --- [JeasAdmin] [           main] c.e.jeasadmin.service.FCMInitializer     : Firebase application initialized
2024-05-03T19:22:54.901+03:00  INFO 16220 --- [JeasAdmin] [           main] o.s.b.a.w.s.WelcomePageHandlerMapping    : Adding welcome page template: index
2024-05-03T19:22:55.044+03:00  INFO 16220 --- [JeasAdmin] [           main] o.s.s.web.DefaultSecurityFilterChain     : Will secure any request with [org.springframework.security.web.session.DisableEncodeUrlFilter@41f4039e, org.springframework.security.web.context.request.async.WebAsyncManagerIntegrationFilter@5ff00507, org.springframework.security.web.context.SecurityContextHolderFilter@9687f55, org.springframework.security.web.header.HeaderWriterFilter@22bf9122, org.springframework.web.filter.CorsFilter@603cabc4, org.springframework.security.web.csrf.CsrfFilter@5cff6b74, org.springframework.security.web.authentication.logout.LogoutFilter@684e8c9d, org.springframework.security.web.authentication.UsernamePasswordAuthenticationFilter@7fedb795, org.springframework.security.web.authentication.ui.DefaultLoginPageGeneratingFilter@77f4c040, org.springframework.security.web.authentication.ui.DefaultLogoutPageGeneratingFilter@67fa5045, org.springframework.security.web.savedrequest.RequestCacheAwareFilter@671d03bb, org.springframework.security.web.servletapi.SecurityContextHolderAwareRequestFilter@6babffb5, org.springframework.security.web.authentication.AnonymousAuthenticationFilter@6f347d7, org.springframework.security.web.access.ExceptionTranslationFilter@72543547, org.springframework.security.web.access.intercept.AuthorizationFilter@46fb0c33]
2024-05-03T19:22:55.362+03:00  INFO 16220 --- [JeasAdmin] [           main] c.e.jeasadmin.JeasAdminApplicationTests  : Started JeasAdminApplicationTests in 2.05 seconds (process running for 3.052)
]]></system-out>
  </testcase>
</testsuite>